06/19/2024 11:41:25 - ERROR - log - [app.run] error:IconMenu.__init__() missing 1 required positional argument: 'app'
06/19/2024 11:42:29 - ERROR - [app.run] error:IconMenu.__init__() missing 1 required positional argument: 'app'
06/19/2024 11:46:51 - ERROR - [app.stop] name:PetThread stop error:'NoneType' object is not callable
06/19/2024 11:46:51 - ERROR - [app.stop] name:PetThread stop error:'NoneType' object is not callable
06/19/2024 11:51:18 - ERROR - [app.run] error:dictionary changed size during iteration
06/19/2024 11:51:18 - ERROR - [app.run] error:dictionary changed size during iteration
06/19/2024 13:36:33 - ERROR - [app.run] error:dictionary changed size during iteration
06/19/2024 13:36:33 - ERROR - [app.run] error:dictionary changed size during iteration
06/19/2024 14:35:14 - ERROR - Pet APP:start service error:maximum recursion depth exceeded while calling a Python object
06/19/2024 14:35:15 - ERROR - [app.run] error:'NoneType' object has no attribute 'stop'
06/19/2024 14:35:46 - ERROR - Pet APP:start service error:[Errno 2] No such file or directory: '{BASE_DIR}\\conf\\ssh_commands.json'
06/19/2024 14:35:46 - ERROR - Pet APP:start service error:[Errno 2] No such file or directory: '{BASE_DIR}\\conf\\ssh_commands.json'
06/19/2024 14:36:08 - ERROR - Pet APP:start service error:maximum recursion depth exceeded while calling a Python object
06/19/2024 14:36:11 - ERROR - [app.run] error:'NoneType' object has no attribute 'stop'
06/19/2024 14:36:45 - ERROR - Pet APP:start service error:[Errno 2] No such file or directory: '{BASE_DIR}\\conf\\ssh_commands.json'
06/19/2024 14:36:45 - ERROR - Pet APP:start service error:[Errno 2] No such file or directory: '{BASE_DIR}\\conf\\ssh_commands.json'
06/19/2024 14:37:00 - ERROR - Pet APP:start service error:maximum recursion depth exceeded while calling a Python object
06/19/2024 14:37:01 - ERROR - [app.run] error:'NoneType' object has no attribute 'stop'
06/19/2024 14:39:26 - ERROR - Reload Config File Error:Invalid \escape: line 23 column 18 (char 879)
06/19/2024 14:39:26 - ERROR - Reload Config File Error:Invalid \escape: line 23 column 18 (char 879)
06/19/2024 14:40:53 - ERROR - Reload Config File Error:Invalid \escape: line 23 column 18 (char 879)
06/19/2024 14:40:53 - ERROR - Reload Config File Error:Invalid \escape: line 23 column 18 (char 879)
06/19/2024 14:41:38 - ERROR - Reload Config File Error:Invalid \escape: line 23 column 18 (char 879)
06/19/2024 14:41:38 - ERROR - Reload Config File Error:Invalid \escape: line 23 column 18 (char 879)
06/19/2024 14:42:10 - ERROR - Reload Config File Error:Invalid \escape: line 23 column 18 (char 879)
06/19/2024 14:42:10 - ERROR - Reload Config File Error:Invalid \escape: line 23 column 18 (char 879)
06/19/2024 14:42:12 - ERROR - Reload Config File Error:Invalid \escape: line 23 column 18 (char 879)
06/19/2024 14:42:12 - ERROR - Reload Config File Error:Invalid \escape: line 23 column 18 (char 879)
06/19/2024 14:42:13 - ERROR - Reload Config File Error:Invalid \escape: line 23 column 18 (char 879)
06/19/2024 14:42:13 - ERROR - Reload Config File Error:Invalid \escape: line 23 column 18 (char 879)
06/19/2024 14:42:13 - ERROR - Reload Config File Error:Invalid \escape: line 23 column 18 (char 879)
06/19/2024 14:42:14 - ERROR - Reload Config File Error:Invalid \escape: line 23 column 18 (char 879)
06/19/2024 14:42:14 - ERROR - Reload Config File Error:Invalid \escape: line 23 column 18 (char 879)
06/19/2024 14:42:14 - ERROR - Reload Config File Error:Invalid \escape: line 23 column 18 (char 879)
06/19/2024 14:42:21 - ERROR - Reload Config File Error:Invalid \escape: line 23 column 18 (char 879)
06/19/2024 14:42:25 - ERROR - Reload Config File Error:Invalid \escape: line 23 column 18 (char 879)
06/19/2024 14:42:26 - ERROR - Reload Config File Error:Invalid \escape: line 23 column 18 (char 879)
06/19/2024 14:42:27 - ERROR - Reload Config File Error:Invalid \escape: line 23 column 18 (char 879)
06/19/2024 14:42:27 - ERROR - Reload Config File Error:Invalid \escape: line 23 column 18 (char 879)
06/19/2024 14:42:27 - ERROR - Reload Config File Error:Invalid \escape: line 23 column 18 (char 879)
06/19/2024 14:43:49 - ERROR - Reload Config File Error:Invalid \escape: line 23 column 18 (char 879)
06/19/2024 14:43:49 - ERROR - Reload Config File Error:Invalid \escape: line 23 column 18 (char 879)
06/19/2024 14:43:55 - ERROR - Pet APP:start service error:Invalid \escape: line 23 column 18 (char 879)
06/19/2024 14:43:56 - ERROR - [app.run] error:'NoneType' object has no attribute 'stop'
06/19/2024 14:46:13 - ERROR - Reload Config File Error:Invalid \escape: line 23 column 18 (char 879)
06/19/2024 14:46:13 - ERROR - Reload Config File Error:Invalid \escape: line 23 column 18 (char 879)
06/19/2024 14:46:13 - ERROR - Pet APP:start service error:≈‰÷√Œƒº˛º”‘ÿ¥ÌŒÛ
06/19/2024 14:48:15 - ERROR - Reload Config File Error:Invalid \escape: line 23 column 18 (char 879)
06/19/2024 14:48:15 - ERROR - Reload Config File Error:Invalid \escape: line 23 column 18 (char 879)
06/19/2024 14:48:15 - ERROR - Pet APP:start service error: 
06/19/2024 14:48:23 - ERROR - Reload Config File Error:Invalid \escape: line 23 column 18 (char 879)
06/19/2024 14:48:23 - ERROR - Reload Config File Error:Invalid \escape: line 23 column 18 (char 879)
06/19/2024 14:48:23 - ERROR - Pet APP:start service error: 
06/19/2024 14:48:40 - ERROR - Reload Config File Error:Invalid \escape: line 23 column 18 (char 879)
06/19/2024 14:48:40 - ERROR - Reload Config File Error:Invalid \escape: line 23 column 18 (char 879)
06/19/2024 14:48:40 - ERROR - Pet APP:start service error: 
06/19/2024 14:49:07 - ERROR - Pet APP:start service error:[Errno 2] No such file or directory: 'C:\\Users\\98027\\Desktop\\desktop_utils\\conf\\ssh_commands.json'
06/19/2024 14:49:07 - ERROR - Pet APP:start service error:[Errno 2] No such file or directory: 'C:\\Users\\98027\\Desktop\\desktop_utils\\conf\\ssh_commands.json'
06/19/2024 14:49:07 - ERROR - [app.run] error:[Errno 2] No such file or directory: 'C:\\Users\\98027\\Desktop\\desktop_utils\\conf\\ssh_commands.json'
06/19/2024 14:49:07 - ERROR - [app.run] error:[Errno 2] No such file or directory: 'C:\\Users\\98027\\Desktop\\desktop_utils\\conf\\ssh_commands.json'
06/19/2024 14:50:10 - ERROR - Pet APP:start service error:[Errno 2] No such file or directory: 'C:\\Users\\98027\\Desktop\\desktop_utils\\conf\\ssh_commands.json'
06/19/2024 14:50:10 - ERROR - Pet APP:start service error:[Errno 2] No such file or directory: 'C:\\Users\\98027\\Desktop\\desktop_utils\\conf\\ssh_commands.json'
06/19/2024 14:50:10 - ERROR - [app.run] error:[Errno 2] No such file or directory: 'C:\\Users\\98027\\Desktop\\desktop_utils\\conf\\ssh_commands.json'
06/19/2024 14:50:10 - ERROR - [app.run] error:[Errno 2] No such file or directory: 'C:\\Users\\98027\\Desktop\\desktop_utils\\conf\\ssh_commands.json'
06/19/2024 14:50:22 - ERROR - Pet APP:start service error:[Errno 2] No such file or directory: 'C:\\Users\\98027\\Desktop\\desktop_utils\\conf\\ssh_commands.json'
06/19/2024 14:50:22 - ERROR - Pet APP:start service error:[Errno 2] No such file or directory: 'C:\\Users\\98027\\Desktop\\desktop_utils\\conf\\ssh_commands.json'
06/19/2024 14:50:22 - ERROR - [app.run] error:[Errno 2] No such file or directory: 'C:\\Users\\98027\\Desktop\\desktop_utils\\conf\\ssh_commands.json'
06/19/2024 14:50:22 - ERROR - [app.run] error:[Errno 2] No such file or directory: 'C:\\Users\\98027\\Desktop\\desktop_utils\\conf\\ssh_commands.json'
06/19/2024 14:50:48 - ERROR - Pet APP:start service error:[Errno 2] No such file or directory: 'C:\\Users\\98027\\Desktop\\desktop_utils\\conf\\ssh_commands.json'
06/19/2024 14:50:48 - ERROR - Pet APP:start service error:[Errno 2] No such file or directory: 'C:\\Users\\98027\\Desktop\\desktop_utils\\conf\\ssh_commands.json'
06/19/2024 14:50:48 - ERROR - [app.run] error:[Errno 2] No such file or directory: 'C:\\Users\\98027\\Desktop\\desktop_utils\\conf\\ssh_commands.json'
06/19/2024 14:50:48 - ERROR - [app.run] error:[Errno 2] No such file or directory: 'C:\\Users\\98027\\Desktop\\desktop_utils\\conf\\ssh_commands.json'
06/19/2024 14:51:24 - ERROR - Pet APP:start service error:[Errno 2] No such file or directory: 'C:\\Users\\98027\\Desktop\\desktop_utils\\conf\\ssh_commands.json'
06/19/2024 14:51:24 - ERROR - Pet APP:start service error:[Errno 2] No such file or directory: 'C:\\Users\\98027\\Desktop\\desktop_utils\\conf\\ssh_commands.json'
06/19/2024 14:51:24 - ERROR - [app.run] error:[Errno 2] No such file or directory: 'C:\\Users\\98027\\Desktop\\desktop_utils\\conf\\ssh_commands.json'
06/19/2024 14:51:24 - ERROR - [app.run] error:[Errno 2] No such file or directory: 'C:\\Users\\98027\\Desktop\\desktop_utils\\conf\\ssh_commands.json'
06/19/2024 14:52:28 - ERROR - Pet APP:start service error:[Errno 2] No such file or directory: 'C:\\Users\\98027\\Desktop\\desktop_utils\\conf\\ssh_commands.json'
06/19/2024 14:52:28 - ERROR - Pet APP:start service error:[Errno 2] No such file or directory: 'C:\\Users\\98027\\Desktop\\desktop_utils\\conf\\ssh_commands.json'
06/19/2024 14:52:28 - ERROR - [app.run] error:[Errno 2] No such file or directory: 'C:\\Users\\98027\\Desktop\\desktop_utils\\conf\\ssh_commands.json'
06/19/2024 14:52:28 - ERROR - [app.run] error:[Errno 2] No such file or directory: 'C:\\Users\\98027\\Desktop\\desktop_utils\\conf\\ssh_commands.json'
06/19/2024 14:56:00 - ERROR - Pet APP:start service error:'_io.TextIOWrapper' object has no attribute 'replace'
06/19/2024 14:56:00 - ERROR - Pet APP:start service error:'_io.TextIOWrapper' object has no attribute 'replace'
06/19/2024 14:56:00 - ERROR - [app.run] error:'_io.TextIOWrapper' object has no attribute 'replace'
06/19/2024 14:56:00 - ERROR - [app.run] error:'_io.TextIOWrapper' object has no attribute 'replace'
06/19/2024 14:56:09 - ERROR - Pet APP:start service error:'str' object has no attribute 'read'
06/19/2024 14:56:09 - ERROR - Pet APP:start service error:'str' object has no attribute 'read'
06/19/2024 14:56:09 - ERROR - [app.run] error:'str' object has no attribute 'read'
06/19/2024 14:56:09 - ERROR - [app.run] error:'str' object has no attribute 'read'
06/19/2024 14:57:22 - ERROR - Pet APP:start service error:'str' object has no attribute 'read'
06/19/2024 14:57:22 - ERROR - Pet APP:start service error:'str' object has no attribute 'read'
06/19/2024 14:57:22 - ERROR - [app.run] error:'str' object has no attribute 'read'
06/19/2024 14:57:22 - ERROR - [app.run] error:'str' object has no attribute 'read'
06/19/2024 14:58:30 - ERROR - Pet APP:start service error:'str' object has no attribute 'read'
06/19/2024 14:58:30 - ERROR - Pet APP:start service error:'str' object has no attribute 'read'
06/19/2024 14:58:30 - ERROR - [app.run] error:'str' object has no attribute 'read'
06/19/2024 14:58:30 - ERROR - [app.run] error:'str' object has no attribute 'read'
06/19/2024 14:58:44 - ERROR - Pet APP:start service error:'str' object has no attribute 'read'
06/19/2024 14:58:44 - ERROR - Pet APP:start service error:'str' object has no attribute 'read'
06/19/2024 14:58:44 - ERROR - [app.run] error:'str' object has no attribute 'read'
06/19/2024 14:58:44 - ERROR - [app.run] error:'str' object has no attribute 'read'
06/19/2024 14:59:45 - ERROR - Pet APP:start service error:MyConfig.format_data() missing 1 required positional argument: 'data'
06/19/2024 14:59:45 - ERROR - Pet APP:start service error:MyConfig.format_data() missing 1 required positional argument: 'data'
06/19/2024 14:59:45 - ERROR - [app.run] error:MyConfig.format_data() missing 1 required positional argument: 'data'
06/19/2024 14:59:45 - ERROR - [app.run] error:MyConfig.format_data() missing 1 required positional argument: 'data'
06/19/2024 14:59:53 - ERROR - Pet APP:start service error:'str' object has no attribute 'read'
06/19/2024 14:59:53 - ERROR - Pet APP:start service error:'str' object has no attribute 'read'
06/19/2024 14:59:53 - ERROR - [app.run] error:'str' object has no attribute 'read'
06/19/2024 14:59:53 - ERROR - [app.run] error:'str' object has no attribute 'read'
06/19/2024 15:11:34 - ERROR - [webview2] start error:No module named 'clr'
06/19/2024 15:11:34 - ERROR - [webview2] start error:No module named 'clr'
06/19/2024 15:11:54 - ERROR - [webview2] start error:No module named 'System'
06/19/2024 15:11:54 - ERROR - [webview2] start error:No module named 'System'
06/19/2024 15:13:37 - ERROR - [webview2] start error:No module named 'clr'
06/19/2024 15:13:37 - ERROR - [webview2] start error:No module named 'clr'
06/19/2024 15:14:08 - ERROR - [webview2] start error:No module named 'System'
06/19/2024 15:14:08 - ERROR - [webview2] start error:No module named 'System'
06/19/2024 15:16:14 - ERROR - [webview2] start error:No module named 'System'
06/19/2024 15:16:14 - ERROR - [webview2] start error:No module named 'System'
06/19/2024 15:16:58 - ERROR - [webview2] start error:No module named 'System'
06/19/2024 15:16:58 - ERROR - [webview2] start error:No module named 'System'
06/19/2024 15:18:08 - ERROR - [webview2] start error:No module named 'System'
06/19/2024 15:18:08 - ERROR - [webview2] start error:No module named 'System'
06/19/2024 15:30:36 - ERROR - [webview2] start error:'Thread' object has no attribute 'Stop'
06/19/2024 15:30:36 - ERROR - [webview2] start error:'Thread' object has no attribute 'Stop'
06/19/2024 15:31:05 - ERROR - [webview2] start error:'Thread' object has no attribute '__dict__'
06/19/2024 15:31:05 - ERROR - [webview2] start error:'Thread' object has no attribute '__dict__'
06/19/2024 15:38:22 - ERROR - [webview2] start error:'NoneType' object has no attribute 'quit'
06/19/2024 15:38:22 - ERROR - [webview2] start error:'NoneType' object has no attribute 'quit'
06/19/2024 16:48:51 - ERROR - Pet APP:start service error:couldn't open "C:\Users\98027\Desktop\desktop_utils\apps\pets\core\gifs\transparent_image.png": no such file or directory
06/19/2024 16:48:51 - ERROR - [app.run] error:couldn't open "C:\Users\98027\Desktop\desktop_utils\apps\pets\core\gifs\transparent_image.png": no such file or directory
